  main.cpp
C:\Program Files (x86)\Windows Kits\10\Include\10.0.22000.0\um\Schedule.h(60,13): error C3646: 'Type': unknown override specifier
  (compiling source file 'main.cpp')
  
C:\Program Files (x86)\Windows Kits\10\Include\10.0.22000.0\um\Schedule.h(60,17): error C4430: missing type specifier - int assumed. Note: C++ does not support default-int
  (compiling source file 'main.cpp')
  
C:\Program Files (x86)\Windows Kits\10\Include\10.0.22000.0\um\Schedule.h(61,13): error C3646: 'Offset': unknown override specifier
  (compiling source file 'main.cpp')
  
C:\Program Files (x86)\Windows Kits\10\Include\10.0.22000.0\um\Schedule.h(61,19): error C4430: missing type specifier - int assumed. Note: C++ does not support default-int
  (compiling source file 'main.cpp')
  
C:\Program Files (x86)\Windows Kits\10\Include\10.0.22000.0\um\Schedule.h(68,21): error C3646: 'Size': unknown override specifier
  (compiling source file 'main.cpp')
  
C:\Program Files (x86)\Windows Kits\10\Include\10.0.22000.0\um\Schedule.h(68,25): error C4430: missing type specifier - int assumed. Note: C++ does not support default-int
  (compiling source file 'main.cpp')
  
C:\Program Files (x86)\Windows Kits\10\Include\10.0.22000.0\um\Schedule.h(69,21): error C3646: 'Bandwidth': unknown override specifier
  (compiling source file 'main.cpp')
  
C:\Program Files (x86)\Windows Kits\10\Include\10.0.22000.0\um\Schedule.h(69,30): error C4430: missing type specifier - int assumed. Note: C++ does not support default-int
  (compiling source file 'main.cpp')
  
C:\Program Files (x86)\Windows Kits\10\Include\10.0.22000.0\um\Schedule.h(70,21): error C3646: 'NumberOfSchedules': unknown override specifier
  (compiling source file 'main.cpp')
  
C:\Program Files (x86)\Windows Kits\10\Include\10.0.22000.0\um\Schedule.h(70,38): error C4430: missing type specifier - int assumed. Note: C++ does not support default-int
  (compiling source file 'main.cpp')
  
  Registrar.cpp
C:\Program Files (x86)\Windows Kits\10\Include\10.0.22000.0\um\Schedule.h(60,13): error C3646: 'Type': unknown override specifier
  (compiling source file 'Registrar.cpp')
  
C:\Program Files (x86)\Windows Kits\10\Include\10.0.22000.0\um\Schedule.h(60,17): error C4430: missing type specifier - int assumed. Note: C++ does not support default-int
  (compiling source file 'Registrar.cpp')
  
C:\Program Files (x86)\Windows Kits\10\Include\10.0.22000.0\um\Schedule.h(61,13): error C3646: 'Offset': unknown override specifier
  (compiling source file 'Registrar.cpp')
  
C:\Program Files (x86)\Windows Kits\10\Include\10.0.22000.0\um\Schedule.h(61,19): error C4430: missing type specifier - int assumed. Note: C++ does not support default-int
  (compiling source file 'Registrar.cpp')
  
C:\Program Files (x86)\Windows Kits\10\Include\10.0.22000.0\um\Schedule.h(68,21): error C3646: 'Size': unknown override specifier
  (compiling source file 'Registrar.cpp')
  
C:\Program Files (x86)\Windows Kits\10\Include\10.0.22000.0\um\Schedule.h(68,25): error C4430: missing type specifier - int assumed. Note: C++ does not support default-int
  (compiling source file 'Registrar.cpp')
  
C:\Program Files (x86)\Windows Kits\10\Include\10.0.22000.0\um\Schedule.h(69,21): error C3646: 'Bandwidth': unknown override specifier
  (compiling source file 'Registrar.cpp')
  
C:\Program Files (x86)\Windows Kits\10\Include\10.0.22000.0\um\Schedule.h(69,30): error C4430: missing type specifier - int assumed. Note: C++ does not support default-int
  (compiling source file 'Registrar.cpp')
  
C:\Program Files (x86)\Windows Kits\10\Include\10.0.22000.0\um\Schedule.h(70,21): error C3646: 'NumberOfSchedules': unknown override specifier
  (compiling source file 'Registrar.cpp')
  
C:\Program Files (x86)\Windows Kits\10\Include\10.0.22000.0\um\Schedule.h(70,38): error C4430: missing type specifier - int assumed. Note: C++ does not support default-int
  (compiling source file 'Registrar.cpp')
  
  Student.cpp
C:\Program Files (x86)\Windows Kits\10\Include\10.0.22000.0\um\Schedule.h(60,13): error C3646: 'Type': unknown override specifier
  (compiling source file 'Student.cpp')
  
C:\Program Files (x86)\Windows Kits\10\Include\10.0.22000.0\um\Schedule.h(60,17): error C4430: missing type specifier - int assumed. Note: C++ does not support default-int
  (compiling source file 'Student.cpp')
  
C:\Program Files (x86)\Windows Kits\10\Include\10.0.22000.0\um\Schedule.h(61,13): error C3646: 'Offset': unknown override specifier
  (compiling source file 'Student.cpp')
  
C:\Program Files (x86)\Windows Kits\10\Include\10.0.22000.0\um\Schedule.h(61,19): error C4430: missing type specifier - int assumed. Note: C++ does not support default-int
  (compiling source file 'Student.cpp')
  
C:\Program Files (x86)\Windows Kits\10\Include\10.0.22000.0\um\Schedule.h(68,21): error C3646: 'Size': unknown override specifier
  (compiling source file 'Student.cpp')
  
C:\Program Files (x86)\Windows Kits\10\Include\10.0.22000.0\um\Schedule.h(68,25): error C4430: missing type specifier - int assumed. Note: C++ does not support default-int
  (compiling source file 'Student.cpp')
  
C:\Program Files (x86)\Windows Kits\10\Include\10.0.22000.0\um\Schedule.h(69,21): error C3646: 'Bandwidth': unknown override specifier
  (compiling source file 'Student.cpp')
  
C:\Program Files (x86)\Windows Kits\10\Include\10.0.22000.0\um\Schedule.h(69,30): error C4430: missing type specifier - int assumed. Note: C++ does not support default-int
  (compiling source file 'Student.cpp')
  
C:\Program Files (x86)\Windows Kits\10\Include\10.0.22000.0\um\Schedule.h(70,21): error C3646: 'NumberOfSchedules': unknown override specifier
  (compiling source file 'Student.cpp')
  
C:\Program Files (x86)\Windows Kits\10\Include\10.0.22000.0\um\Schedule.h(70,38): error C4430: missing type specifier - int assumed. Note: C++ does not support default-int
  (compiling source file 'Student.cpp')
  
  Generating Code...
